Mon Aug 22 11:28:42 PDT 2016 : Apache Derby Network Server - 10.11.1.2 - (1629631) started and ready to accept connections on port 1527
----------------------------------------------------------------
Mon Aug 22 11:28:43 PDT 2016:
Booting Derby version The Apache Software Foundation - Apache Derby - 10.11.1.2 - (1629631): instance a816c00e-0156-b383-00f2-00003fbb59f8 
on database directory D:\Users\Bender\Documents\GitHub\schedulerCS356\db\companyDataBase with class loader sun.misc.Launcher$AppClassLoader@1d44bcfa 
Loaded from file:/C:/Program%20Files/Java/jdk1.8.0_91/db/lib/derby.jar
java.vendor=Oracle Corporation
java.runtime.version=1.8.0_91-b15
user.dir=C:\Program Files\Java\jdk1.8.0_91\db
os.name=Windows 7
os.arch=amd64
os.version=6.1
derby.system.home=D:\Users\Bender\Documents\GitHub\schedulerCS356\db
Database Class Loader started - derby.database.classpath=''
----------------------------------------------------------------
Mon Aug 22 11:37:44 PDT 2016: Shutting down Derby engine
----------------------------------------------------------------
Mon Aug 22 11:37:44 PDT 2016:
Shutting down instance a816c00e-0156-b383-00f2-00003fbb59f8 on database directory D:\Users\Bender\Documents\GitHub\schedulerCS356\db\companyDataBase with class loader sun.misc.Launcher$AppClassLoader@1d44bcfa 
----------------------------------------------------------------
